#
# A fatal error has been detected by the Java Runtime Environment:
#
#  SIGBUS (0x7) at pc=0x00007f67b4f49782, pid=8268, tid=140081995687680
#
# JRE version: Java(TM) SE Runtime Environment (8.0_20-b26) (build 1.8.0_20-b26)
# Java VM: Java HotSpot(TM) 64-Bit Server VM (25.20-b23 mixed mode linux-amd64 compressed oops)
# Problematic frame:
# C  [libzip.so+0x11782]  newEntry+0x62
#
# Failed to write core dump. Core dumps have been disabled. To enable core dumping, try "ulimit -c unlimited" before starting Java again
#
# If you would like to submit a bug report, please visit:
#   http://bugreport.sun.com/bugreport/crash.jsp
# The crash happened outside the Java Virtual Machine in native code.
# See problematic frame for where to report the bug.
#

---------------  T H R E A D  ---------------

Current thread (0x00007f67b0270000):  JavaThread "AWT-EventQueue-0" [_thread_in_native, id=8290, stack(0x00007f676187a000,0x00007f676197b000)]

siginfo: si_signo: 7 (SIGBUS), si_code: 2 (BUS_ADRERR), si_addr: 0x00007f6798001183

Registers:
RAX=0x00007f674c0c1b20, RBX=0x00007f674c0bf040, RCX=0x00007f674c000020, RDX=0x00007f674c0c1b20
RSP=0x00007f6761976d80, RBP=0x00007f6761976dd0, RSI=0x00007f674c000038, RDI=0x00007f674c0ca210
R8 =0x0000000000000003, R9 =0x0000000000000000, R10=0x00007f67a10156a8, R11=0x00007f67b6c55220
R12=0x00007f6798001166, R13=0x00007f674c0c1b20, R14=0x00007f6761976e88, R15=0x00007f674c0bef10
RIP=0x00007f67b4f49782, EFLAGS=0x0000000000010206, CSGSFS=0x0000000000000033, ERR=0x0000000000000004
  TRAPNO=0x000000000000000e

Top of Stack: (sp=0x00007f6761976d80)
0x00007f6761976d80:   00007f6761976dd0 00007f6700000001
0x00007f6761976d90:   00007f67b0270000 00007f67b6b7c22e
0x00007f6761976da0:   00007f674c0c1b20 0000000000000001
0x00007f6761976db0:   00007f674c0bef10 00007f679a3d3130
0x00007f6761976dc0:   00007f6761976e88 00007f67b0270000
0x00007f6761976dd0:   00007f6761976df0 00007f67b4f49dd3
0x00007f6761976de0:   00007f679a3d3130 0000000000000000
0x00007f6761976df0:   00007f6761976e58 00007f67a10156d4
0x00007f6761976e00:   0000000000000001 0000000784f82030
0x00007f6761976e10:   0000000000000001 00007f6761976e18
0x00007f6761976e20:   0000000000000000 00007f6761976e88
0x00007f6761976e30:   00007f679a3d49b8 0000000000000000
0x00007f6761976e40:   00007f679a3d3130 0000000000000000
0x00007f6761976e50:   00007f6761976e78 00007f6761976ed0
0x00007f6761976e60:   00007f67a10074a0 0000000705800228
0x00007f6761976e70:   00007f67a100f2b7 0000000000000001
0x00007f6761976e80:   00007f674c0bef10 00007f67a100798d
0x00007f6761976e90:   00007f6761976e90 00007f679a3d4202
0x00007f6761976ea0:   00007f6761976ef0 00007f679a3d49b8
0x00007f6761976eb0:   0000000000000000 00007f679a3d4210
0x00007f6761976ec0:   00007f6761976e78 00007f6761976ee0
0x00007f6761976ed0:   00007f6761976f48 00007f67a10074a0
0x00007f6761976ee0:   0000000000000001 00007f674c0bef10
0x00007f6761976ef0:   0000000784edb740 0000000784edb740
0x00007f6761976f00:   0000000784edb740 00007f6761976ef8
0x00007f6761976f10:   00007f67613453be 00007f6761976f80
0x00007f6761976f20:   00007f6761345640 0000000000000000
0x00007f6761976f30:   00007f6761345488 00007f6761976ee0
0x00007f6761976f40:   00007f6761976f80 00007f6761976fc8
0x00007f6761976f50:   00007f67a1007710 0000000000000000
0x00007f6761976f60:   0000000000000000 0000000000000000
0x00007f6761976f70:   0000000000000000 0000000784edb740 

Instructions: (pc=0x00007f67b4f49782)
0x00007f67b4f49762:   00 48 c7 40 28 00 00 00 00 41 80 7f 30 00 0f 84
0x00007f67b4f49772:   8a 02 00 00 4c 8b 63 08 4d 2b 67 28 4d 03 67 18
0x00007f67b4f49782:   41 0f b6 5c 24 1d 41 0f b6 44 24 1c c1 e3 08 09
0x00007f67b4f49792:   c3 41 0f b6 44 24 1e 88 45 bd 41 0f b6 54 24 20 

Register to memory mapping:

RAX=0x00007f674c0c1b20 is an unknown value
RBX=0x00007f674c0bf040 is an unknown value
RCX=0x00007f674c000020 is an unknown value
RDX=0x00007f674c0c1b20 is an unknown value
RSP=0x00007f6761976d80 is pointing into the stack for thread: 0x00007f67b0270000
RBP=0x00007f6761976dd0 is pointing into the stack for thread: 0x00007f67b0270000
RSI=0x00007f674c000038 is an unknown value
RDI=0x00007f674c0ca210 is an unknown value
R8 =0x0000000000000003 is an unknown value
R9 =0x0000000000000000 is an unknown value
R10=0x00007f67a10156a8 is at code_begin+808 in an Interpreter codelet
method entry point (kind = native)  [0x00007f67a1015380, 0x00007f67a1015c80]  2304 bytes
R11=0x00007f67b6c55220: <offset 0x97d220> in /usr/local/jdk1.8.0_20/jre/lib/amd64/server/libjvm.so at 0x00007f67b62d8000
R12=0x00007f6798001166 is an unknown value
R13=0x00007f674c0c1b20 is an unknown value
R14=0x00007f6761976e88 is pointing into the stack for thread: 0x00007f67b0270000
R15=0x00007f674c0bef10 is an unknown value


Stack: [0x00007f676187a000,0x00007f676197b000],  sp=0x00007f6761976d80,  free space=1011k
Native frames: (J=compiled Java code, j=interpreted, Vv=VM code, C=native code)
C  [libzip.so+0x11782]  newEntry+0x62
C  [libzip.so+0x11dd3]  ZIP_GetNextEntry+0x53
j  java.util.zip.ZipFile.getNextEntry(JI)J+0
j  java.util.zip.ZipFile.access$500(JI)J+2
j  java.util.zip.ZipFile$ZipEntryIterator.next()Ljava/util/zip/ZipEntry;+54
j  java.util.zip.ZipFile$ZipEntryIterator.nextElement()Ljava/util/zip/ZipEntry;+1
j  java.util.zip.ZipFile$ZipEntryIterator.nextElement()Ljava/lang/Object;+1
j  controller.compressor.CompressorController.getFilesFromZip(Ljava/lang/String;Ljava/util/zip/ZipFile;)Ljava/util/ArrayList;+29
j  controller.MainController.openZip(Ljava/lang/String;)V+66
j  view.MainFrame.openFile(Lmodel/config/FileType;)V+94
j  view.MainFrame.openzipmenuActionPerformed(Ljava/awt/event/ActionEvent;)V+4
j  view.MainFrame.access$300(Lview/MainFrame;Ljava/awt/event/ActionEvent;)V+2
j  view.MainFrame$4.actionPerformed(Ljava/awt/event/ActionEvent;)V+5
j  javax.swing.AbstractButton.fireActionPerformed(Ljava/awt/event/ActionEvent;)V+83
j  javax.swing.AbstractButton$Handler.actionPerformed(Ljava/awt/event/ActionEvent;)V+5
j  javax.swing.DefaultButtonModel.fireActionPerformed(Ljava/awt/event/ActionEvent;)V+34
j  javax.swing.DefaultButtonModel.setPressed(Z)V+117
j  javax.swing.AbstractButton.doClick(I)V+64
j  javax.swing.plaf.basic.BasicMenuItemUI.doClick(Ljavax/swing/MenuSelectionManager;)V+53
j  javax.swing.plaf.basic.BasicMenuItemUI$Handler.mouseReleased(Ljava/awt/event/MouseEvent;)V+76
j  java.awt.Component.processMouseEvent(Ljava/awt/event/MouseEvent;)V+64
j  javax.swing.JComponent.processMouseEvent(Ljava/awt/event/MouseEvent;)V+23
j  java.awt.Component.processEvent(Ljava/awt/AWTEvent;)V+81
j  java.awt.Container.processEvent(Ljava/awt/AWTEvent;)V+18
j  java.awt.Component.dispatchEventImpl(Ljava/awt/AWTEvent;)V+589
j  java.awt.Container.dispatchEventImpl(Ljava/awt/AWTEvent;)V+42
j  java.awt.Component.dispatchEvent(Ljava/awt/AWTEvent;)V+2
j  java.awt.LightweightDispatcher.retargetMouseEvent(Ljava/awt/Component;ILjava/awt/event/MouseEvent;)V+327
j  java.awt.LightweightDispatcher.processMouseEvent(Ljava/awt/event/MouseEvent;)Z+143
j  java.awt.LightweightDispatcher.dispatchEvent(Ljava/awt/AWTEvent;)Z+50
j  java.awt.Container.dispatchEventImpl(Ljava/awt/AWTEvent;)V+12
j  java.awt.Window.dispatchEventImpl(Ljava/awt/AWTEvent;)V+19
j  java.awt.Component.dispatchEvent(Ljava/awt/AWTEvent;)V+2
j  java.awt.EventQueue.dispatchEventImpl(Ljava/awt/AWTEvent;Ljava/lang/Object;)V+41
j  java.awt.EventQueue.access$400(Ljava/awt/EventQueue;Ljava/awt/AWTEvent;Ljava/lang/Object;)V+3
j  java.awt.EventQueue$3.run()Ljava/lang/Void;+32
j  java.awt.EventQueue$3.run()Ljava/lang/Object;+1
v  ~StubRoutines::call_stub
V  [libjvm.so+0x663ce6]  JavaCalls::call_helper(JavaValue*, methodHandle*, JavaCallArguments*, Thread*)+0x1056
V  [libjvm.so+0x6f7d7c]  JVM_DoPrivileged+0x27c
J 777  java.security.AccessController.doPrivileged(Ljava/security/PrivilegedAction;Ljava/security/AccessControlContext;)Ljava/lang/Object; (0 bytes) @ 0x00007f67a12d1995 [0x00007f67a12d18c0+0xd5]
J 791 C1 java.security.ProtectionDomain$1.doIntersectionPrivilege(Ljava/security/PrivilegedAction;Ljava/security/AccessControlContext;Ljava/security/AccessControlContext;)Ljava/lang/Object; (32 bytes) @ 0x00007f67a12d6e84 [0x00007f67a12d6b80+0x304]
j  java.security.ProtectionDomain$1.doIntersectionPrivilege(Ljava/security/PrivilegedAction;Ljava/security/AccessControlContext;)Ljava/lang/Object;+6
j  java.awt.EventQueue$4.run()Ljava/lang/Void;+11
j  java.awt.EventQueue$4.run()Ljava/lang/Object;+1
v  ~StubRoutines::call_stub
V  [libjvm.so+0x663ce6]  JavaCalls::call_helper(JavaValue*, methodHandle*, JavaCallArguments*, Thread*)+0x1056
V  [libjvm.so+0x6f7d7c]  JVM_DoPrivileged+0x27c
J 777  java.security.AccessController.doPrivileged(Ljava/security/PrivilegedAction;Ljava/security/AccessControlContext;)Ljava/lang/Object; (0 bytes) @ 0x00007f67a12d1995 [0x00007f67a12d18c0+0xd5]
J 791 C1 java.security.ProtectionDomain$1.doIntersectionPrivilege(Ljava/security/PrivilegedAction;Ljava/security/AccessControlContext;Ljava/security/AccessControlContext;)Ljava/lang/Object; (32 bytes) @ 0x00007f67a12d6e84 [0x00007f67a12d6b80+0x304]
j  java.awt.EventQueue.dispatchEvent(Ljava/awt/AWTEvent;)V+73
j  java.awt.EventDispatchThread.pumpOneEventForFilters(I)V+245
j  java.awt.EventDispatchThread.pumpEventsForFilter(ILjava/awt/Conditional;Ljava/awt/EventFilter;)V+35
j  java.awt.EventDispatchThread.pumpEventsForHierarchy(ILjava/awt/Conditional;Ljava/awt/Component;)V+11
j  java.awt.EventDispatchThread.pumpEvents(ILjava/awt/Conditional;)V+4
j  java.awt.EventDispatchThread.pumpEvents(Ljava/awt/Conditional;)V+3
j  java.awt.EventDispatchThread.run()V+9
v  ~StubRoutines::call_stub
V  [libjvm.so+0x663ce6]  JavaCalls::call_helper(JavaValue*, methodHandle*, JavaCallArguments*, Thread*)+0x1056
V  [libjvm.so+0x6641f1]  JavaCalls::call_virtual(JavaValue*, KlassHandle, Symbol*, Symbol*, JavaCallArguments*, Thread*)+0x321
V  [libjvm.so+0x664697]  JavaCalls::call_virtual(JavaValue*, Handle, KlassHandle, Symbol*, Symbol*, Thread*)+0x47
V  [libjvm.so+0x6f1990]  thread_entry(JavaThread*, Thread*)+0xa0
V  [libjvm.so+0xa2990f]  JavaThread::thread_main_inner()+0xdf
V  [libjvm.so+0xa29a3c]  JavaThread::run()+0x11c
V  [libjvm.so+0x8e75f8]  java_start(Thread*)+0x108
C  [libpthread.so.0+0x8182]  start_thread+0xc2

Java frames: (J=compiled Java code, j=interpreted, Vv=VM code)
j  java.util.zip.ZipFile.getNextEntry(JI)J+0
j  java.util.zip.ZipFile.access$500(JI)J+2
j  java.util.zip.ZipFile$ZipEntryIterator.next()Ljava/util/zip/ZipEntry;+54
j  java.util.zip.ZipFile$ZipEntryIterator.nextElement()Ljava/util/zip/ZipEntry;+1
j  java.util.zip.ZipFile$ZipEntryIterator.nextElement()Ljava/lang/Object;+1
j  controller.compressor.CompressorController.getFilesFromZip(Ljava/lang/String;Ljava/util/zip/ZipFile;)Ljava/util/ArrayList;+29
j  controller.MainController.openZip(Ljava/lang/String;)V+66
j  view.MainFrame.openFile(Lmodel/config/FileType;)V+94
j  view.MainFrame.openzipmenuActionPerformed(Ljava/awt/event/ActionEvent;)V+4
j  view.MainFrame.access$300(Lview/MainFrame;Ljava/awt/event/ActionEvent;)V+2
j  view.MainFrame$4.actionPerformed(Ljava/awt/event/ActionEvent;)V+5
j  javax.swing.AbstractButton.fireActionPerformed(Ljava/awt/event/ActionEvent;)V+83
j  javax.swing.AbstractButton$Handler.actionPerformed(Ljava/awt/event/ActionEvent;)V+5
j  javax.swing.DefaultButtonModel.fireActionPerformed(Ljava/awt/event/ActionEvent;)V+34
j  javax.swing.DefaultButtonModel.setPressed(Z)V+117
j  javax.swing.AbstractButton.doClick(I)V+64
j  javax.swing.plaf.basic.BasicMenuItemUI.doClick(Ljavax/swing/MenuSelectionManager;)V+53
j  javax.swing.plaf.basic.BasicMenuItemUI$Handler.mouseReleased(Ljava/awt/event/MouseEvent;)V+76
j  java.awt.Component.processMouseEvent(Ljava/awt/event/MouseEvent;)V+64
j  javax.swing.JComponent.processMouseEvent(Ljava/awt/event/MouseEvent;)V+23
j  java.awt.Component.processEvent(Ljava/awt/AWTEvent;)V+81
j  java.awt.Container.processEvent(Ljava/awt/AWTEvent;)V+18
j  java.awt.Component.dispatchEventImpl(Ljava/awt/AWTEvent;)V+589
j  java.awt.Container.dispatchEventImpl(Ljava/awt/AWTEvent;)V+42
j  java.awt.Component.dispatchEvent(Ljava/awt/AWTEvent;)V+2
j  java.awt.LightweightDispatcher.retargetMouseEvent(Ljava/awt/Component;ILjava/awt/event/MouseEvent;)V+327
j  java.awt.LightweightDispatcher.processMouseEvent(Ljava/awt/event/MouseEvent;)Z+143
j  java.awt.LightweightDispatcher.dispatchEvent(Ljava/awt/AWTEvent;)Z+50
j  java.awt.Container.dispatchEventImpl(Ljava/awt/AWTEvent;)V+12
j  java.awt.Window.dispatchEventImpl(Ljava/awt/AWTEvent;)V+19
j  java.awt.Component.dispatchEvent(Ljava/awt/AWTEvent;)V+2
j  java.awt.EventQueue.dispatchEventImpl(Ljava/awt/AWTEvent;Ljava/lang/Object;)V+41
j  java.awt.EventQueue.access$400(Ljava/awt/EventQueue;Ljava/awt/AWTEvent;Ljava/lang/Object;)V+3
j  java.awt.EventQueue$3.run()Ljava/lang/Void;+32
j  java.awt.EventQueue$3.run()Ljava/lang/Object;+1
v  ~StubRoutines::call_stub
J 777  java.security.AccessController.doPrivileged(Ljava/security/PrivilegedAction;Ljava/security/AccessControlContext;)Ljava/lang/Object; (0 bytes) @ 0x00007f67a12d1923 [0x00007f67a12d18c0+0x63]
J 791 C1 java.security.ProtectionDomain$1.doIntersectionPrivilege(Ljava/security/PrivilegedAction;Ljava/security/AccessControlContext;Ljava/security/AccessControlContext;)Ljava/lang/Object; (32 bytes) @ 0x00007f67a12d6e84 [0x00007f67a12d6b80+0x304]
j  java.security.ProtectionDomain$1.doIntersectionPrivilege(Ljava/security/PrivilegedAction;Ljava/security/AccessControlContext;)Ljava/lang/Object;+6
j  java.awt.EventQueue$4.run()Ljava/lang/Void;+11
j  java.awt.EventQueue$4.run()Ljava/lang/Object;+1
v  ~StubRoutines::call_stub
J 777  java.security.AccessController.doPrivileged(Ljava/security/PrivilegedAction;Ljava/security/AccessControlContext;)Ljava/lang/Object; (0 bytes) @ 0x00007f67a12d1923 [0x00007f67a12d18c0+0x63]
J 791 C1 java.security.ProtectionDomain$1.doIntersectionPrivilege(Ljava/security/PrivilegedAction;Ljava/security/AccessControlContext;Ljava/security/AccessControlContext;)Ljava/lang/Object; (32 bytes) @ 0x00007f67a12d6e84 [0x00007f67a12d6b80+0x304]
j  java.awt.EventQueue.dispatchEvent(Ljava/awt/AWTEvent;)V+73
j  java.awt.EventDispatchThread.pumpOneEventForFilters(I)V+245
j  java.awt.EventDispatchThread.pumpEventsForFilter(ILjava/awt/Conditional;Ljava/awt/EventFilter;)V+35
j  java.awt.EventDispatchThread.pumpEventsForHierarchy(ILjava/awt/Conditional;Ljava/awt/Component;)V+11
j  java.awt.EventDispatchThread.pumpEvents(ILjava/awt/Conditional;)V+4
j  java.awt.EventDispatchThread.pumpEvents(Ljava/awt/Conditional;)V+3
j  java.awt.EventDispatchThread.run()V+9
v  ~StubRoutines::call_stub

---------------  P R O C E S S  ---------------

Java Threads: ( => current thread )
  0x00007f6774001000 JavaThread "SIGTERM handler" daemon [_thread_blocked, id=8381, stack(0x00007f6760da0000,0x00007f6760ea1000)]
  0x00007f674c0c9800 JavaThread "TimerQueue" daemon [_thread_blocked, id=8298, stack(0x00007f6761579000,0x00007f676167a000)]
  0x00007f67b0009800 JavaThread "DestroyJavaVM" [_thread_blocked, id=8271, stack(0x00007f67b7d5e000,0x00007f67b7e5f000)]
=>0x00007f67b0270000 JavaThread "AWT-EventQueue-0" [_thread_in_native, id=8290, stack(0x00007f676187a000,0x00007f676197b000)]
  0x00007f67b0201000 JavaThread "AWT-Shutdown" [_thread_blocked, id=8289, stack(0x00007f676197b000,0x00007f6761a7c000)]
  0x00007f67b01e7800 JavaThread "AWT-XAWT" daemon [_thread_in_native, id=8288, stack(0x00007f6761ea4000,0x00007f6761fa5000)]
  0x00007f67b01c7800 JavaThread "Java2D Disposer" daemon [_thread_blocked, id=8287, stack(0x00007f67623b5000,0x00007f67624b6000)]
  0x00007f67b00b8800 JavaThread "Service Thread" daemon [_thread_blocked, id=8285, stack(0x00007f6798189000,0x00007f679828a000)]
  0x00007f67b00b3800 JavaThread "C1 CompilerThread2" daemon [_thread_blocked, id=8284, stack(0x00007f679828a000,0x00007f679838b000)]
  0x00007f67b00b1800 JavaThread "C2 CompilerThread1" daemon [_thread_blocked, id=8283, stack(0x00007f679838b000,0x00007f679848c000)]
  0x00007f67b00ae800 JavaThread "C2 CompilerThread0" daemon [_thread_blocked, id=8282, stack(0x00007f679848c000,0x00007f679858d000)]
  0x00007f67b00ac800 JavaThread "Signal Dispatcher" daemon [_thread_blocked, id=8281, stack(0x00007f679858d000,0x00007f679868e000)]
  0x00007f67b007c000 JavaThread "Finalizer" daemon [_thread_blocked, id=8279, stack(0x00007f6798d70000,0x00007f6798e71000)]
  0x00007f67b007a000 JavaThread "Reference Handler" daemon [_thread_blocked, id=8278, stack(0x00007f6798e71000,0x00007f6798f72000)]

Other Threads:
  0x00007f67b0073000 VMThread [stack: 0x00007f6798f72000,0x00007f6799073000] [id=8277]
  0x00007f67b00bb000 WatcherThread [stack: 0x00007f6798088000,0x00007f6798189000] [id=8286]

VM state:not at safepoint (normal execution)

VM Mutex/Monitor currently owned by a thread: None

Heap:
 PSYoungGen      total 56320K, used 42048K [0x0000000781d80000, 0x0000000785c00000, 0x00000007c0000000)
  eden space 48640K, 70% used [0x0000000781d80000,0x0000000783f173e8,0x0000000784d00000)
  from space 7680K, 99% used [0x0000000784d00000,0x0000000785478d60,0x0000000785480000)
  to   space 7680K, 0% used [0x0000000785480000,0x0000000785480000,0x0000000785c00000)
 ParOldGen       total 128512K, used 7735K [0x0000000705800000, 0x000000070d580000, 0x0000000781d80000)
  object space 128512K, 6% used [0x0000000705800000,0x0000000705f8dfb0,0x000000070d580000)
 Metaspace       used 17253K, capacity 17380K, committed 17664K, reserved 1064960K
  class space    used 2146K, capacity 2178K, committed 2304K, reserved 1048576K

Card table byte_map: [0x00007f67b45a3000,0x00007f67b4b78000] byte_map_base: 0x00007f67b0d77000

Marking Bits: (ParMarkBitMap*) 0x00007f67b722fac0
 Begin Bits: [0x00007f679afbd000, 0x00007f679de5d000)
 End Bits:   [0x00007f679de5d000, 0x00007f67a0cfd000)

Polling page: 0x00007f67b7e76000

CodeCache: size=245760Kb used=5463Kb max_used=5463Kb free=240296Kb
 bounds [0x00007f67a1000000, 0x00007f67a1560000, 0x00007f67b0000000]
 total_blobs=2321 nmethods=1711 adapters=524
 compilation: enabled

Compilation events (10 events):
Event: 217,644 Thread 0x00007f67b00b3800 1706       3       java.util.Vector$Itr::<init> (6 bytes)
Event: 217,645 Thread 0x00007f67b00b3800 nmethod 1706 0x00007f67a1556450 code [0x00007f67a15565c0, 0x00007f67a1556810]
Event: 217,645 Thread 0x00007f67b00b3800 1707       3       java.util.Vector$Itr::<init> (26 bytes)
Event: 217,645 Thread 0x00007f67b00b3800 nmethod 1707 0x00007f67a1556950 code [0x00007f67a1556ac0, 0x00007f67a1556cb0]
Event: 221,606 Thread 0x00007f67b00b3800 1708       3       java.lang.Long::equals (30 bytes)
Event: 221,607 Thread 0x00007f67b00b3800 nmethod 1708 0x00007f67a1556d90 code [0x00007f67a1556f20, 0x00007f67a15573f0]
Event: 224,185 Thread 0x00007f67b00b3800 1709  s    3       java.util.Vector::iterator (10 bytes)
Event: 224,186 Thread 0x00007f67b00b3800 nmethod 1709 0x00007f67a15574d0 code [0x00007f67a1557660, 0x00007f67a1557ad0]
Event: 233,985 Thread 0x00007f67b00b3800 1710  s    3       java.util.Vector::toArray (12 bytes)
Event: 233,985 Thread 0x00007f67b00b3800 nmethod 1710 0x00007f67a1557c50 code [0x00007f67a1557dc0, 0x00007f67a15581c8]

GC Heap History (2 events):
Event: 33,768 GC heap before
{Heap before GC invocations=1 (full 0):
 PSYoungGen      total 56320K, used 48435K [0x0000000781d80000, 0x0000000785c00000, 0x00000007c0000000)
  eden space 48640K, 99% used [0x0000000781d80000,0x0000000784cccfd0,0x0000000784d00000)
  from space 7680K, 0% used [0x0000000785480000,0x0000000785480000,0x0000000785c00000)
  to   space 7680K, 0% used [0x0000000784d00000,0x0000000784d00000,0x0000000785480000)
 ParOldGen       total 128512K, used 0K [0x0000000705800000, 0x000000070d580000, 0x0000000781d80000)
  object space 128512K, 0% used [0x0000000705800000,0x0000000705800000,0x000000070d580000)
 Metaspace       used 17119K, capacity 17252K, committed 17664K, reserved 1064960K
  class space    used 2135K, capacity 2178K, committed 2304K, reserved 1048576K
Event: 33,777 GC heap after
Heap after GC invocations=1 (full 0):
 PSYoungGen      total 56320K, used 7651K [0x0000000781d80000, 0x0000000785c00000, 0x00000007c0000000)
  eden space 48640K, 0% used [0x0000000781d80000,0x0000000781d80000,0x0000000784d00000)
  from space 7680K, 99% used [0x0000000784d00000,0x0000000785478d60,0x0000000785480000)
  to   space 7680K, 0% used [0x0000000785480000,0x0000000785480000,0x0000000785c00000)
 ParOldGen       total 128512K, used 7735K [0x0000000705800000, 0x000000070d580000, 0x0000000781d80000)
  object space 128512K, 6% used [0x0000000705800000,0x0000000705f8dfb0,0x000000070d580000)
 Metaspace       used 17119K, capacity 17252K, committed 17664K, reserved 1064960K
  class space    used 2135K, capacity 2178K, committed 2304K, reserved 1048576K
}

Deoptimization events (10 events):
Event: 0,544 Thread 0x00007f67b0270000 Uncommon trap: reason=class_check action=maybe_recompile pc=0x00007f67a11f40dc method=java.util.HashMap.putVal(ILjava/lang/Object;Ljava/lang/Object;ZZ)Ljava/lang/Object; @ 253
Event: 0,544 Thread 0x00007f67b0270000 Uncommon trap: reason=class_check action=maybe_recompile pc=0x00007f67a11ecaa4 method=java.util.HashMap.putVal(ILjava/lang/Object;Ljava/lang/Object;ZZ)Ljava/lang/Object; @ 253
Event: 2,077 Thread 0x00007f67b0270000 Uncommon trap: reason=class_check action=maybe_recompile pc=0x00007f67a11a5c84 method=java.lang.String.equals(Ljava/lang/Object;)Z @ 8
Event: 2,078 Thread 0x00007f67b0270000 Uncommon trap: reason=class_check action=maybe_recompile pc=0x00007f67a11a5c84 method=java.lang.String.equals(Ljava/lang/Object;)Z @ 8
Event: 2,079 Thread 0x00007f67b0270000 Uncommon trap: reason=class_check action=maybe_recompile pc=0x00007f67a11a5c84 method=java.lang.String.equals(Ljava/lang/Object;)Z @ 8
Event: 2,079 Thread 0x00007f67b0270000 Uncommon trap: reason=class_check action=maybe_recompile pc=0x00007f67a11a5c84 method=java.lang.String.equals(Ljava/lang/Object;)Z @ 8
Event: 33,406 Thread 0x00007f67b0270000 Uncommon trap: reason=bimorphic action=maybe_recompile pc=0x00007f67a1259d5c method=java.util.HashMap.putVal(ILjava/lang/Object;Ljava/lang/Object;ZZ)Ljava/lang/Object; @ 253
Event: 33,406 Thread 0x00007f67b0270000 Uncommon trap: reason=bimorphic action=maybe_recompile pc=0x00007f67a1259d5c method=java.util.HashMap.putVal(ILjava/lang/Object;Ljava/lang/Object;ZZ)Ljava/lang/Object; @ 253
Event: 33,406 Thread 0x00007f67b0270000 Uncommon trap: reason=bimorphic action=maybe_recompile pc=0x00007f67a1259d5c method=java.util.HashMap.putVal(ILjava/lang/Object;Ljava/lang/Object;ZZ)Ljava/lang/Object; @ 253
Event: 33,406 Thread 0x00007f67b0270000 Uncommon trap: reason=bimorphic action=maybe_recompile pc=0x00007f67a1259d5c method=java.util.HashMap.putVal(ILjava/lang/Object;Ljava/lang/Object;ZZ)Ljava/lang/Object; @ 253

Internal exceptions (10 events):
Event: 4,009 Thread 0x00007f67b0270000 Exception <a 'java/security/PrivilegedActionException'> (0x0000000782a4d620) thrown at [/HUDSON/workspace/8-2-build-linux-amd64/jdk8u20/1074/hotspot/src/share/vm/prims/jvm.cpp, line 1275]
Event: 4,010 Thread 0x00007f67b0270000 Exception <a 'java/security/PrivilegedActionException'> (0x0000000782a4f8a0) thrown at [/HUDSON/workspace/8-2-build-linux-amd64/jdk8u20/1074/hotspot/src/share/vm/prims/jvm.cpp, line 1275]
Event: 4,010 Thread 0x00007f67b0270000 Exception <a 'java/security/PrivilegedActionException'> (0x0000000782a51f80) thrown at [/HUDSON/workspace/8-2-build-linux-amd64/jdk8u20/1074/hotspot/src/share/vm/prims/jvm.cpp, line 1275]
Event: 4,010 Thread 0x00007f67b0270000 Exception <a 'java/security/PrivilegedActionException'> (0x0000000782a563e0) thrown at [/HUDSON/workspace/8-2-build-linux-amd64/jdk8u20/1074/hotspot/src/share/vm/prims/jvm.cpp, line 1275]
Event: 4,011 Thread 0x00007f67b0270000 Exception <a 'java/security/PrivilegedActionException'> (0x0000000782a58f88) thrown at [/HUDSON/workspace/8-2-build-linux-amd64/jdk8u20/1074/hotspot/src/share/vm/prims/jvm.cpp, line 1275]
Event: 4,011 Thread 0x00007f67b0270000 Exception <a 'java/security/PrivilegedActionException'> (0x0000000782a5d6b8) thrown at [/HUDSON/workspace/8-2-build-linux-amd64/jdk8u20/1074/hotspot/src/share/vm/prims/jvm.cpp, line 1275]
Event: 4,013 Thread 0x00007f67b0270000 Exception <a 'java/security/PrivilegedActionException'> (0x0000000782a60bb0) thrown at [/HUDSON/workspace/8-2-build-linux-amd64/jdk8u20/1074/hotspot/src/share/vm/prims/jvm.cpp, line 1275]
Event: 4,014 Thread 0x00007f67b0270000 Exception <a 'java/security/PrivilegedActionException'> (0x0000000782a65308) thrown at [/HUDSON/workspace/8-2-build-linux-amd64/jdk8u20/1074/hotspot/src/share/vm/prims/jvm.cpp, line 1275]
Event: 4,172 Thread 0x00007f67b0270000 Exception <a 'java/lang/UnsupportedOperationException': > (0x0000000782d2de48) thrown at [/HUDSON/workspace/8-2-build-linux-amd64/jdk8u20/1074/hotspot/src/share/vm/prims/jni.cpp, line 742]
Event: 34,095 Thread 0x00007f67b0270000 Exception <a 'java/security/PrivilegedActionException'> (0x0000000783c47a68) thrown at [/HUDSON/workspace/8-2-build-linux-amd64/jdk8u20/1074/hotspot/src/share/vm/prims/jvm.cpp, line 1275]

Events (10 events):
Event: 34,096 loading class java/util/jar/JarVerifier$3 done
Event: 34,096 loading class sun/security/util/SignatureFileVerifier
Event: 34,096 loading class sun/security/util/SignatureFileVerifier done
Event: 34,096 loading class sun/security/util/ManifestEntryVerifier
Event: 34,096 loading class sun/security/util/ManifestEntryVerifier done
Event: 238,960 loading class sun/misc/Signal$1
Event: 238,960 loading class sun/misc/Signal$1 done
Event: 238,960 loading class java/io/FileOutputStream$1
Event: 238,960 loading class java/io/FileOutputStream$1 done
Event: 238,961 Thread 0x00007f6774001000 Thread added: 0x00007f6774001000


Dynamic libraries:
00400000-00401000 r-xp 00000000 08:15 1596763                            /usr/local/jdk1.8.0_20/bin/java
00600000-00601000 rw-p 00000000 08:15 1596763                            /usr/local/jdk1.8.0_20/bin/java
01da7000-01dc8000 rw-p 00000000 00:00 0                                  [heap]
705800000-70d580000 rw-p 00000000 00:00 0 
70d580000-781d80000 ---p 00000000 00:00 0 
781d80000-785c00000 rw-p 00000000 00:00 0 
785c00000-7c0000000 ---p 00000000 00:00 0 
7c0000000-7c0240000 rw-p 00000000 00:00 0 
7c0240000-800000000 ---p 00000000 00:00 0 
7f673c000000-7f673c021000 rw-p 00000000 00:00 0 
7f673c021000-7f6740000000 ---p 00000000 00:00 0 
7f6744000000-7f6744021000 rw-p 00000000 00:00 0 
7f6744021000-7f6748000000 ---p 00000000 00:00 0 
7f6748000000-7f6748021000 rw-p 00000000 00:00 0 
7f6748021000-7f674c000000 ---p 00000000 00:00 0 
7f674c000000-7f674c75a000 rw-p 00000000 00:00 0 
7f674c75a000-7f6750000000 ---p 00000000 00:00 0 
7f6750000000-7f67502be000 rw-p 00000000 00:00 0 
7f67502be000-7f6754000000 ---p 00000000 00:00 0 
7f6754000000-7f6754028000 rw-p 00000000 00:00 0 
7f6754028000-7f6758000000 ---p 00000000 00:00 0 
7f6758000000-7f6758021000 rw-p 00000000 00:00 0 
7f6758021000-7f675c000000 ---p 00000000 00:00 0 
7f675c000000-7f675c021000 rw-p 00000000 00:00 0 
7f675c021000-7f6760000000 ---p 00000000 00:00 0 
7f6760771000-7f6760774000 ---p 00000000 00:00 0 
7f6760774000-7f6760872000 rw-p 00000000 00:00 0 
7f6760872000-7f6760875000 ---p 00000000 00:00 0 
7f6760875000-7f6760a73000 rw-p 00000000 00:00 0 
7f6760a73000-7f6760b73000 ---p 00000000 00:00 0 
7f6760b73000-7f6760b9d000 r-xp 00000000 08:15 1850682                    /usr/local/jdk1.8.0_20/jre/lib/amd64/libdcpr.so
7f6760b9d000-7f6760d9d000 ---p 0002a000 08:15 1850682                    /usr/local/jdk1.8.0_20/jre/lib/amd64/libdcpr.so
7f6760d9d000-7f6760da0000 rw-p 0002a000 08:15 1850682                    /usr/local/jdk1.8.0_20/jre/lib/amd64/libdcpr.so
7f6760da0000-7f6760da3000 ---p 00000000 00:00 0 
7f6760da3000-7f6760ea1000 rw-p 00000000 00:00 0                          [stack:8381]
7f6760ea1000-7f6760f0a000 r-xp 00000000 08:15 1850692                    /usr/local/jdk1.8.0_20/jre/lib/amd64/libt2k.so
7f6760f0a000-7f6761109000 ---p 00069000 08:15 1850692                    /usr/local/jdk1.8.0_20/jre/lib/amd64/libt2k.so
7f6761109000-7f6761110000 rw-p 00068000 08:15 1850692                    /usr/local/jdk1.8.0_20/jre/lib/amd64/libt2k.so
7f6761110000-7f6761120000 rw-p 00000000 00:00 0 
7f6761120000-7f676112b000 r--s 00000000 08:15 523334                     /var/cache/fontconfig/945677eb7aeaf62f1d50efc3fb3ec7d8-le64.cache-4
7f676112b000-7f6761131000 r--s 00000000 08:15 523332                     /var/cache/fontconfig/2cd17615ca594fa2959ae173292e504c-le64.cache-4
7f6761131000-7f6761145000 r--s 00000000 08:15 523327                     /var/cache/fontconfig/04aabc0a78ac019cf9454389977116d2-le64.cache-4
7f676114c000-7f676114e000 rw-p 00000000 00:00 0 
7f676114e000-7f6761153000 r--s 00092000 08:15 1709087                    /usr/local/jdk1.8.0_20/jre/lib/jsse.jar
7f6761153000-7f6761353000 rw-p 00000000 00:00 0 
7f6761353000-7f6761553000 rw-p 00000000 00:00 0 
7f6761553000-7f676155d000 r--s 00116000 08:15 1709050                    /usr/local/jdk1.8.0_20/jre/lib/ext/localedata.jar
7f676155d000-7f6761579000 r--s 00393000 08:15 1709058                    /usr/local/jdk1.8.0_20/jre/lib/ext/cldrdata.jar
7f6761579000-7f676157c000 ---p 00000000 00:00 0 
7f676157c000-7f676187a000 rw-p 00000000 00:00 0                          [stack:8298]
7f676187a000-7f676187d000 ---p 00000000 00:00 0 
7f676187d000-7f676197b000 rw-p 00000000 00:00 0                          [stack:8290]
7f676197b000-7f676197e000 ---p 00000000 00:00 0 
7f676197e000-7f6761a7c000 rw-p 00000000 00:00 0                          [stack:8289]
7f6761a7c000-7f6761a8d000 r-xp 00000000 08:15 1850690                    /usr/local/jdk1.8.0_20/jre/lib/amd64/libnio.so
7f6761a8d000-7f6761c8c000 ---p 00011000 08:15 1850690                    /usr/local/jdk1.8.0_20/jre/lib/amd64/libnio.so
7f6761c8c000-7f6761c8d000 rw-p 00010000 08:15 1850690                    /usr/local/jdk1.8.0_20/jre/lib/amd64/libnio.so
7f6761c8d000-7f6761ca3000 r-xp 00000000 08:15 1850691                    /usr/local/jdk1.8.0_20/jre/lib/amd64/libnet.so
7f6761ca3000-7f6761ea3000 ---p 00016000 08:15 1850691                    /usr/local/jdk1.8.0_20/jre/lib/amd64/libnet.so
7f6761ea3000-7f6761ea4000 rw-p 00016000 08:15 1850691                    /usr/local/jdk1.8.0_20/jre/lib/amd64/libnet.so
7f6761ea4000-7f6761ea7000 ---p 00000000 00:00 0 
7f6761ea7000-7f6761fa5000 rw-p 00000000 00:00 0                          [stack:8288]
7f6761fa5000-7f6761faa000 r-xp 00000000 08:15 1579819                    /usr/lib/x86_64-linux-gnu/libXfixes.so.3.1.0
7f6761faa000-7f67621a9000 ---p 00005000 08:15 1579819                    /usr/lib/x86_64-linux-gnu/libXfixes.so.3.1.0
7f67621a9000-7f67621aa000 r--p 00004000 08:15 1579819                    /usr/lib/x86_64-linux-gnu/libXfixes.so.3.1.0
7f67621aa000-7f67621ab000 rw-p 00005000 08:15 1579819                    /usr/lib/x86_64-linux-gnu/libXfixes.so.3.1.0
7f67621ab000-7f67621b4000 r-xp 00000000 08:15 1579811                    /usr/lib/x86_64-linux-gnu/libXcursor.so.1.0.2
7f67621b4000-7f67623b3000 ---p 00009000 08:15 1579811                    /usr/lib/x86_64-linux-gnu/libXcursor.so.1.0.2
7f67623b3000-7f67623b4000 r--p 00008000 08:15 1579811                    /usr/lib/x86_64-linux-gnu/libXcursor.so.1.0.2
7f67623b4000-7f67623b5000 rw-p 00009000 08:15 1579811                    /usr/lib/x86_64-linux-gnu/libXcursor.so.1.0.2
7f67623b5000-7f67623b8000 ---p 00000000 00:00 0 
7f67623b8000-7f67624b6000 rw-p 00000000 00:00 0                          [stack:8287]
7f67624b6000-7f67624cc000 r-xp 00000000 08:15 392468                     /lib/x86_64-linux-gnu/libgcc_s.so.1
7f67624cc000-7f67626cb000 ---p 00016000 08:15 392468                     /lib/x86_64-linux-gnu/libgcc_s.so.1
7f67626cb000-7f67626cc000 rw-p 00015000 08:15 392468                     /lib/x86_64-linux-gnu/libgcc_s.so.1
7f67626cc000-7f6762731000 r-xp 00000000 08:15 1850641                    /usr/local/jdk1.8.0_20/jre/lib/amd64/libfontmanager.so
7f6762731000-7f6762930000 ---p 00065000 08:15 1850641                    /usr/local/jdk1.8.0_20/jre/lib/amd64/libfontmanager.so
7f6762930000-7f6762934000 rw-p 00064000 08:15 1850641                    /usr/local/jdk1.8.0_20/jre/lib/amd64/libfontmanager.so
7f6762934000-7f6762945000 rw-p 00000000 00:00 0 
7f6762945000-7f676294a000 r-xp 00000000 08:15 1579815                    /usr/lib/x86_64-linux-gnu/libXdmcp.so.6.0.0
7f676294a000-7f6762b49000 ---p 00005000 08:15 1579815                    /usr/lib/x86_64-linux-gnu/libXdmcp.so.6.0.0
7f6762b49000-7f6762b4a000 r--p 00004000 08:15 1579815                    /usr/lib/x86_64-linux-gnu/libXdmcp.so.6.0.0
7f6762b4a000-7f6762b4b000 rw-p 00005000 08:15 1579815                    /usr/lib/x86_64-linux-gnu/libXdmcp.so.6.0.0
7f6762b4b000-7f6762b4d000 r-xp 00000000 08:15 1579804                    /usr/lib/x86_64-linux-gnu/libXau.so.6.0.0
7f6762b4d000-7f6762d4d000 ---p 00002000 08:15 1579804                    /usr/lib/x86_64-linux-gnu/libXau.so.6.0.0
7f6762d4d000-7f6762d4e000 r--p 00002000 08:15 1579804                    /usr/lib/x86_64-linux-gnu/libXau.so.6.0.0
7f6762d4e000-7f6762d4f000 rw-p 00003000 08:15 1579804                    /usr/lib/x86_64-linux-gnu/libXau.so.6.0.0
7f6762d4f000-7f6762d6c000 r-xp 00000000 08:15 1580831                    /usr/lib/x86_64-linux-gnu/libxcb.so.1.1.0
7f6762d6c000-7f6762f6c000 ---p 0001d000 08:15 1580831                    /usr/lib/x86_64-linux-gnu/libxcb.so.1.1.0
7f6762f6c000-7f6762f6d000 r--p 0001d000 08:15 1580831                    /usr/lib/x86_64-linux-gnu/libxcb.so.1.1.0
7f6762f6d000-7f6762f6e000 rw-p 0001e000 08:15 1580831                    /usr/lib/x86_64-linux-gnu/libxcb.so.1.1.0
7f6762f6e000-7f6762f7d000 r-xp 00000000 08:15 1579825                    /usr/lib/x86_64-linux-gnu/libXi.so.6.1.0
7f6762f7d000-7f676317c000 ---p 0000f000 08:15 1579825                    /usr/lib/x86_64-linux-gnu/libXi.so.6.1.0
7f676317c000-7f676317d000 r--p 0000e000 08:15 1579825                    /usr/lib/x86_64-linux-gnu/libXi.so.6.1.0
7f676317d000-7f676317e000 rw-p 0000f000 08:15 1579825                    /usr/lib/x86_64-linux-gnu/libXi.so.6.1.0
7f676317e000-7f6763183000 r-xp 00000000 08:15 1579845                    /usr/lib/x86_64-linux-gnu/libXtst.so.6.1.0
7f6763183000-7f6763382000 ---p 00005000 08:15 1579845                    /usr/lib/x86_64-linux-gnu/libXtst.so.6.1.0
7f6763382000-7f6763383000 r--p 00004000 08:15 1579845                    /usr/lib/x86_64-linux-gnu/libXtst.so.6.1.0
7f6763383000-7f6763384000 rw-p 00005000 08:15 1579845                    /usr/lib/x86_64-linux-gnu/libXtst.so.6.1.0
7f6763384000-7f676338d000 r-xp 00000000 08:15 1579839                    /usr/lib/x86_64-linux-gnu/libXrender.so.1.3.0
7f676338d000-7f676358c000 ---p 00009000 08:15 1579839                    /usr/lib/x86_64-linux-gnu/libXrender.so.1.3.0
7f676358c000-7f676358d000 r--p 00008000 08:15 1579839                    /usr/lib/x86_64-linux-gnu/libXrender.so.1.3.0
7f676358d000-7f676358e000 rw-p 00009000 08:15 1579839                    /usr/lib/x86_64-linux-gnu/libXrender.so.1.3.0
7f676358e000-7f67636be000 r-xp 00000000 08:15 1579800                    /usr/lib/x86_64-linux-gnu/libX11.so.6.3.0
7f67636be000-7f67638be000 ---p 00130000 08:15 1579800                    /usr/lib/x86_64-linux-gnu/libX11.so.6.3.0
7f67638be000-7f67638bf000 r--p 00130000 08:15 1579800                    /usr/lib/x86_64-linux-gnu/libX11.so.6.3.0
7f67638bf000-7f67638c3000 rw-p 00131000 08:15 1579800                    /usr/lib/x86_64-linux-gnu/libX11.so.6.3.0
7f67638c3000-7f67638d4000 r-xp 00000000 08:15 1579817                    /usr/lib/x86_64-linux-gnu/libXext.so.6.4.0
7f67638d4000-7f6763ad3000 ---p 00011000 08:15 1579817                    /usr/lib/x86_64-linux-gnu/libXext.so.6.4.0
7f6763ad3000-7f6763ad4000 r--p 00010000 08:15 1579817                    /usr/lib/x86_64-linux-gnu/libXext.so.6.4.0
7f6763ad4000-7f6763ad5000 rw-p 00011000 08:15 1579817                    /usr/lib/x86_64-linux-gnu/libXext.so.6.4.0
7f6763ad5000-7f6763b29000 r-xp 00000000 08:15 1850656                    /usr/local/jdk1.8.0_20/jre/lib/amd64/libawt_xawt.so
7f6763b29000-7f6763d29000 ---p 00054000 08:15 1850656                    /usr/local/jdk1.8.0_20/jre/lib/amd64/libawt_xawt.so
7f6763d29000-7f6763d2d000 rw-p 00054000 08:15 1850656                    /usr/local/jdk1.8.0_20/jre/lib/amd64/libawt_xawt.so
7f6763d2d000-7f6763d2e000 rw-p 00000000 00:00 0 
7f6763d2e000-7f6763dd0000 r-xp 00000000 08:15 1850693                    /usr/local/jdk1.8.0_20/jre/lib/amd64/libawt.so
7f6763dd0000-7f6763fd0000 ---p 000a2000 08:15 1850693                    /usr/local/jdk1.8.0_20/jre/lib/amd64/libawt.so
7f6763fd0000-7f6763fdc000 rw-p 000a2000 08:15 1850693                    /usr/local/jdk1.8.0_20/jre/lib/amd64/libawt.so
7f6763fdc000-7f6764000000 rw-p 00000000 00:00 0 
7f6764000000-7f6764021000 rw-p 00000000 00:00 0 
7f6764021000-7f6768000000 ---p 00000000 00:00 0 
7f6768000000-7f6768021000 rw-p 00000000 00:00 0 
7f6768021000-7f676c000000 ---p 00000000 00:00 0 
7f676c000000-7f676c2ea000 rw-p 00000000 00:00 0 
7f676c2ea000-7f6770000000 ---p 00000000 00:00 0 
7f6770000000-7f6770722000 rw-p 00000000 00:00 0 
7f6770722000-7f6774000000 ---p 00000000 00:00 0 
7f6774000000-7f6774021000 rw-p 00000000 00:00 0 
7f6774021000-7f6778000000 ---p 00000000 00:00 0 
7f6778000000-7f677851b000 rw-p 00000000 00:00 0 
7f677851b000-7f677c000000 ---p 00000000 00:00 0 
7f677c000000-7f677c021000 rw-p 00000000 00:00 0 
7f677c021000-7f6780000000 ---p 00000000 00:00 0 
7f6780000000-7f6780021000 rw-p 00000000 00:00 0 
7f6780021000-7f6784000000 ---p 00000000 00:00 0 
7f6784000000-7f6784021000 rw-p 00000000 00:00 0 
7f6784021000-7f6788000000 ---p 00000000 00:00 0 
7f6788000000-7f6788021000 rw-p 00000000 00:00 0 
7f6788021000-7f678c000000 ---p 00000000 00:00 0 
7f678c000000-7f678c021000 rw-p 00000000 00:00 0 
7f678c021000-7f6790000000 ---p 00000000 00:00 0 
7f6790000000-7f6790021000 rw-p 00000000 00:00 0 
7f6790021000-7f6794000000 ---p 00000000 00:00 0 
7f6794000000-7f6794021000 rw-p 00000000 00:00 0 
7f6794021000-7f6798000000 ---p 00000000 00:00 0 
7f6798000000-7f6798001000 rw-p 00000000 00:00 0 
7f6798001000-7f6798003000 r--s 009dc000 08:01 59234                      /mnt/5C5876005875D96A/Feina/UB/Github/pracs4rt/tm/ZipMediaPlayer/imagenes.zip
7f6798003000-7f6798004000 r--s 00000000 08:15 544903                     /var/cache/fontconfig/087e1975ba9a574b140bb1df193bf770-le64.cache-4
7f6798004000-7f6798005000 r--s 00000000 08:15 523337                     /var/cache/fontconfig/c05880de57d1f5e948fdfacc138775d9-le64.cache-4
7f6798005000-7f6798006000 r--s 00000000 08:15 523330                     /var/cache/fontconfig/e7071f4a29fa870f4323321c154eba04-le64.cache-4
7f6798006000-7f6798007000 r--s 00000000 08:15 523329                     /var/cache/fontconfig/0d8c3b2ac0904cb8a57a757ad11a4a08-le64.cache-4
7f6798007000-7f679800e000 r--s 00000000 08:15 523328                     /var/cache/fontconfig/a755afe4a08bf5b97852ceb7400b47bc-le64.cache-4
7f679800e000-7f679800f000 r--s 00000000 08:15 523326                     /var/cache/fontconfig/1ac9eb803944fde146138c791f5cc56a-le64.cache-4
7f679800f000-7f6798013000 r--s 00000000 08:15 523325                     /var/cache/fontconfig/385c0604a188198f04d133e54aba7fe7-le64.cache-4
7f6798013000-7f6798014000 r--s 00000000 08:15 523324                     /var/cache/fontconfig/dc05db6664285cc2f12bf69c139ae4c3-le64.cache-4
7f6798014000-7f6798016000 r--s 00000000 08:15 523297                     /var/cache/fontconfig/767a8244fc0220cfb567a839d0392e0b-le64.cache-4
7f6798016000-7f6798017000 r--s 00000000 08:15 523323                     /var/cache/fontconfig/4794a0821666d79190d59a36cb4f44b5-le64.cache-4
7f6798017000-7f679801c000 r--s 00000000 08:15 523322                     /var/cache/fontconfig/8801497958630a81b71ace7c5f9b32a8-le64.cache-4
7f679801c000-7f6798020000 r--s 00000000 08:15 545549                     /var/cache/fontconfig/c57959a16110560c8d0fcea73374aeeb-le64.cache-4
7f6798020000-7f6798027000 r--s 00000000 08:15 523321                     /var/cache/fontconfig/3047814df9a2f067bd2d96a2b9c36e5a-le64.cache-4
7f6798027000-7f6798028000 r--s 00000000 08:15 523320                     /var/cache/fontconfig/56cf4f4769d0f4abc89a4895d7bd3ae1-le64.cache-4
7f6798028000-7f679802e000 r--s 00000000 08:15 523318                     /var/cache/fontconfig/b47c4e1ecd0709278f4910c18777a504-le64.cache-4
7f679802e000-7f6798041000 r--s 00000000 08:15 523317                     /var/cache/fontconfig/d52a8644073d54c13679302ca1180695-le64.cache-4
7f6798041000-7f679804a000 r--s 00000000 08:15 546869                     /var/cache/fontconfig/3f7329c5293ffd510edef78f73874cfd-le64.cache-4
7f679804a000-7f679804e000 r--s 00000000 08:15 523315                     /var/cache/fontconfig/d589a48862398ed80a3d6066f4f56f4c-le64.cache-4
7f679804e000-7f6798057000 r--s 00000000 08:15 544900                     /var/cache/fontconfig/d0972c3d32f097851eb916381fc38920-le64.cache-4
7f6798057000-7f6798088000 rw-p 00000000 00:00 0 
7f6798088000-7f6798089000 ---p 00000000 00:00 0 
7f6798089000-7f6798189000 rw-p 00000000 00:00 0                          [stack:8286]
7f6798189000-7f679818c000 ---p 00000000 00:00 0 
7f679818c000-7f679828a000 rw-p 00000000 00:00 0                          [stack:8285]
7f679828a000-7f679828d000 ---p 00000000 00:00 0 
7f679828d000-7f679838b000 rw-p 00000000 00:00 0                          [stack:8284]
7f679838b000-7f679838e000 ---p 00000000 00:00 0 
7f679838e000-7f679848c000 rw-p 00000000 00:00 0                          [stack:8283]
7f679848c000-7f679848f000 ---p 00000000 00:00 0 
7f679848f000-7f679858d000 rw-p 00000000 00:00 0                          [stack:8282]
7f679858d000-7f6798590000 ---p 00000000 00:00 0 
7f6798590000-7f679868e000 rw-p 00000000 00:00 0                          [stack:8281]
7f679868e000-7f6798d70000 r--p 00000000 08:15 1578250                    /usr/lib/locale/locale-archive
7f6798d70000-7f6798d73000 ---p 00000000 00:00 0 
7f6798d73000-7f6798e71000 rw-p 00000000 00:00 0                          [stack:8279]
7f6798e71000-7f6798e74000 ---p 00000000 00:00 0 
7f6798e74000-7f6798f72000 rw-p 00000000 00:00 0                          [stack:8278]
7f6798f72000-7f6798f73000 ---p 00000000 00:00 0 
7f6798f73000-7f679a013000 rw-p 00000000 00:00 0                          [stack:8277]
7f679a013000-7f679a1e9000 r--s 03ca8000 08:15 1709093                    /usr/local/jdk1.8.0_20/jre/lib/rt.jar
7f679a1e9000-7f67a0cfd000 rw-p 00000000 00:00 0 
7f67a0cfd000-7f67a0cfe000 ---p 00000000 00:00 0 
7f67a0cfe000-7f67a0dfe000 rw-p 00000000 00:00 0                          [stack:8275]
7f67a0dfe000-7f67a0dff000 ---p 00000000 00:00 0 
7f67a0dff000-7f67a0eff000 rw-p 00000000 00:00 0                          [stack:8274]
7f67a0eff000-7f67a0f00000 ---p 00000000 00:00 0 
7f67a0f00000-7f67a1000000 rw-p 00000000 00:00 0                          [stack:8273]
7f67a1000000-7f67a1560000 rwxp 00000000 00:00 0 
7f67a1560000-7f67b0000000 ---p 00000000 00:00 0 
7f67b0000000-7f67b027a000 rw-p 00000000 00:00 0 
7f67b027a000-7f67b4000000 ---p 00000000 00:00 0 
7f67b4000000-7f67b4001000 r--s 00000000 08:15 523319                     /var/cache/fontconfig/b9d506c9ac06c20b433354fa67a72993-le64.cache-4
7f67b4001000-7f67b4002000 r--s 00000000 08:15 544902                     /var/cache/fontconfig/8a687c406b77f27d99abfeeba937fcce-le64.cache-4
7f67b4002000-7f67b4003000 r--s 00000000 08:15 523314                     /var/cache/fontconfig/0c9eb80ebd1c36541ebe2852d3bb0c49-le64.cache-4
7f67b4003000-7f67b4004000 r--s 00000000 08:15 544899                     /var/cache/fontconfig/c277e94e32b20404286a1ddafa5a80f0-le64.cache-4
7f67b4004000-7f67b4007000 r--s 00000000 08:15 523300                     /var/cache/fontconfig/e13b20fdb08344e0e664864cc2ede53d-le64.cache-4
7f67b4007000-7f67b40bf000 rw-p 00000000 00:00 0 
7f67b40bf000-7f67b40c0000 ---p 00000000 00:00 0 
7f67b40c0000-7f67b41ff000 rw-p 00000000 00:00 0                          [stack:8272]
7f67b41ff000-7f67b45a3000 ---p 00000000 00:00 0 
7f67b45a3000-7f67b45e2000 rw-p 00000000 00:00 0 
7f67b45e2000-7f67b4985000 ---p 00000000 00:00 0 
7f67b4985000-7f67b49a5000 rw-p 00000000 00:00 0 
7f67b49a5000-7f67b4b77000 ---p 00000000 00:00 0 
7f67b4b77000-7f67b4b8e000 rw-p 00000000 00:00 0 
7f67b4b8e000-7f67b4f38000 ---p 00000000 00:00 0 
7f67b4f38000-7f67b4f52000 r-xp 00000000 08:15 1850689                    /usr/local/jdk1.8.0_20/jre/lib/amd64/libzip.so
7f67b4f52000-7f67b5152000 ---p 0001a000 08:15 1850689                    /usr/local/jdk1.8.0_20/jre/lib/amd64/libzip.so
7f67b5152000-7f67b5153000 rw-p 0001a000 08:15 1850689                    /usr/local/jdk1.8.0_20/jre/lib/amd64/libzip.so
7f67b5153000-7f67b515e000 r-xp 00000000 08:15 419121                     /lib/x86_64-linux-gnu/libnss_files-2.19.so
7f67b515e000-7f67b535d000 ---p 0000b000 08:15 419121                     /lib/x86_64-linux-gnu/libnss_files-2.19.so
7f67b535d000-7f67b535e000 r--p 0000a000 08:15 419121                     /lib/x86_64-linux-gnu/libnss_files-2.19.so
7f67b535e000-7f67b535f000 rw-p 0000b000 08:15 419121                     /lib/x86_64-linux-gnu/libnss_files-2.19.so
7f67b535f000-7f67b536a000 r-xp 00000000 08:15 419122                     /lib/x86_64-linux-gnu/libnss_nis-2.19.so
7f67b536a000-7f67b5569000 ---p 0000b000 08:15 419122                     /lib/x86_64-linux-gnu/libnss_nis-2.19.so
7f67b5569000-7f67b556a000 r--p 0000a000 08:15 419122                     /lib/x86_64-linux-gnu/libnss_nis-2.19.so
7f67b556a000-7f67b556b000 rw-p 0000b000 08:15 419122                     /lib/x86_64-linux-gnu/libnss_nis-2.19.so
7f67b556b000-7f67b5582000 r-xp 00000000 08:15 396760                     /lib/x86_64-linux-gnu/libnsl-2.19.so
7f67b5582000-7f67b5781000 ---p 00017000 08:15 396760                     /lib/x86_64-linux-gnu/libnsl-2.19.so
7f67b5781000-7f67b5782000 r--p 00016000 08:15 396760                     /lib/x86_64-linux-gnu/libnsl-2.19.so
7f67b5782000-7f67b5783000 rw-p 00017000 08:15 396760                     /lib/x86_64-linux-gnu/libnsl-2.19.so
7f67b5783000-7f67b5785000 rw-p 00000000 00:00 0 
7f67b5785000-7f67b578e000 r-xp 00000000 08:15 396749                     /lib/x86_64-linux-gnu/libnss_compat-2.19.so
7f67b578e000-7f67b598d000 ---p 00009000 08:15 396749                     /lib/x86_64-linux-gnu/libnss_compat-2.19.so
7f67b598d000-7f67b598e000 r--p 00008000 08:15 396749                     /lib/x86_64-linux-gnu/libnss_compat-2.19.so
7f67b598e000-7f67b598f000 rw-p 00009000 08:15 396749                     /lib/x86_64-linux-gnu/libnss_compat-2.19.so
7f67b598f000-7f67b59b9000 r-xp 00000000 08:15 1850684                    /usr/local/jdk1.8.0_20/jre/lib/amd64/libjava.so
7f67b59b9000-7f67b5bb9000 ---p 0002a000 08:15 1850684                    /usr/local/jdk1.8.0_20/jre/lib/amd64/libjava.so
7f67b5bb9000-7f67b5bbb000 rw-p 0002a000 08:15 1850684                    /usr/local/jdk1.8.0_20/jre/lib/amd64/libjava.so
7f67b5bbb000-7f67b5bc8000 r-xp 00000000 08:15 1850667                    /usr/local/jdk1.8.0_20/jre/lib/amd64/libverify.so
7f67b5bc8000-7f67b5dc8000 ---p 0000d000 08:15 1850667                    /usr/local/jdk1.8.0_20/jre/lib/amd64/libverify.so
7f67b5dc8000-7f67b5dca000 rw-p 0000d000 08:15 1850667                    /usr/local/jdk1.8.0_20/jre/lib/amd64/libverify.so
7f67b5dca000-7f67b5dd1000 r-xp 00000000 08:15 396774                     /lib/x86_64-linux-gnu/librt-2.19.so
7f67b5dd1000-7f67b5fd0000 ---p 00007000 08:15 396774                     /lib/x86_64-linux-gnu/librt-2.19.so
7f67b5fd0000-7f67b5fd1000 r--p 00006000 08:15 396774                     /lib/x86_64-linux-gnu/librt-2.19.so
7f67b5fd1000-7f67b5fd2000 rw-p 00007000 08:15 396774                     /lib/x86_64-linux-gnu/librt-2.19.so
7f67b5fd2000-7f67b60d7000 r-xp 00000000 08:15 411197                     /lib/x86_64-linux-gnu/libm-2.19.so
7f67b60d7000-7f67b62d6000 ---p 00105000 08:15 411197                     /lib/x86_64-linux-gnu/libm-2.19.so
7f67b62d6000-7f67b62d7000 r--p 00104000 08:15 411197                     /lib/x86_64-linux-gnu/libm-2.19.so
7f67b62d7000-7f67b62d8000 rw-p 00105000 08:15 411197                     /lib/x86_64-linux-gnu/libm-2.19.so
7f67b62d8000-7f67b6f42000 r-xp 00000000 08:15 1850642                    /usr/local/jdk1.8.0_20/jre/lib/amd64/server/libjvm.so
7f67b6f42000-7f67b7141000 ---p 00c6a000 08:15 1850642                    /usr/local/jdk1.8.0_20/jre/lib/amd64/server/libjvm.so
7f67b7141000-7f67b7218000 rw-p 00c69000 08:15 1850642                    /usr/local/jdk1.8.0_20/jre/lib/amd64/server/libjvm.so
7f67b7218000-7f67b725a000 rw-p 00000000 00:00 0 
7f67b725a000-7f67b7415000 r-xp 00000000 08:15 396816                     /lib/x86_64-linux-gnu/libc-2.19.so
7f67b7415000-7f67b7615000 ---p 001bb000 08:15 396816                     /lib/x86_64-linux-gnu/libc-2.19.so
7f67b7615000-7f67b7619000 r--p 001bb000 08:15 396816                     /lib/x86_64-linux-gnu/libc-2.19.so
7f67b7619000-7f67b761b000 rw-p 001bf000 08:15 396816                     /lib/x86_64-linux-gnu/libc-2.19.so
7f67b761b000-7f67b7620000 rw-p 00000000 00:00 0 
7f67b7620000-7f67b7623000 r-xp 00000000 08:15 419126                     /lib/x86_64-linux-gnu/libdl-2.19.so
7f67b7623000-7f67b7822000 ---p 00003000 08:15 419126                     /lib/x86_64-linux-gnu/libdl-2.19.so
7f67b7822000-7f67b7823000 r--p 00002000 08:15 419126                     /lib/x86_64-linux-gnu/libdl-2.19.so
7f67b7823000-7f67b7824000 rw-p 00003000 08:15 419126                     /lib/x86_64-linux-gnu/libdl-2.19.so
7f67b7824000-7f67b7839000 r-xp 00000000 08:15 1596702                    /usr/local/jdk1.8.0_20/lib/amd64/jli/libjli.so
7f67b7839000-7f67b7a38000 ---p 00015000 08:15 1596702                    /usr/local/jdk1.8.0_20/lib/amd64/jli/libjli.so
7f67b7a38000-7f67b7a39000 rw-p 00014000 08:15 1596702                    /usr/local/jdk1.8.0_20/lib/amd64/jli/libjli.so
7f67b7a39000-7f67b7a52000 r-xp 00000000 08:15 419127                     /lib/x86_64-linux-gnu/libpthread-2.19.so
7f67b7a52000-7f67b7c51000 ---p 00019000 08:15 419127                     /lib/x86_64-linux-gnu/libpthread-2.19.so
7f67b7c51000-7f67b7c52000 r--p 00018000 08:15 419127                     /lib/x86_64-linux-gnu/libpthread-2.19.so
7f67b7c52000-7f67b7c53000 rw-p 00019000 08:15 419127                     /lib/x86_64-linux-gnu/libpthread-2.19.so
7f67b7c53000-7f67b7c57000 rw-p 00000000 00:00 0 
7f67b7c57000-7f67b7c7a000 r-xp 00000000 08:15 396817                     /lib/x86_64-linux-gnu/ld-2.19.so
7f67b7c7a000-7f67b7c7b000 r--s 00000000 08:15 523312                     /var/cache/fontconfig/62f91419b9ebdb6975e7e41ab6412357-le64.cache-4
7f67b7c7b000-7f67b7c7f000 r--s 00000000 08:15 545548                     /var/cache/fontconfig/7ef2298fde41cc6eeb7af42e48b7d293-le64.cache-4
7f67b7c7f000-7f67b7d5e000 rw-p 00000000 00:00 0 
7f67b7d5e000-7f67b7d61000 ---p 00000000 00:00 0 
7f67b7d61000-7f67b7e63000 rw-p 00000000 00:00 0                          [stack:8271]
7f67b7e63000-7f67b7e6d000 r--s 0006b000 08:01 85744                      /mnt/5C5876005875D96A/Feina/UB/Github/pracs4rt/tm/ZipMediaPlayer/lib/jarchivelib-0.5.0-with-dependencies.jar
7f67b7e6d000-7f67b7e75000 rw-s 00000000 08:15 1308241                    /tmp/hsperfdata_albert/8268
7f67b7e75000-7f67b7e76000 rw-p 00000000 00:00 0 
7f67b7e76000-7f67b7e77000 r--p 00000000 00:00 0 
7f67b7e77000-7f67b7e79000 rw-p 00000000 00:00 0 
7f67b7e79000-7f67b7e7a000 r--p 00022000 08:15 396817                     /lib/x86_64-linux-gnu/ld-2.19.so
7f67b7e7a000-7f67b7e7b000 rw-p 00023000 08:15 396817                     /lib/x86_64-linux-gnu/ld-2.19.so
7f67b7e7b000-7f67b7e7c000 rw-p 00000000 00:00 0 
7fff6ea2c000-7fff6ea4d000 rw-p 00000000 00:00 0                          [stack]
7fff6ebfe000-7fff6ec00000 r-xp 00000000 00:00 0                          [vdso]
ffffffffff600000-ffffffffff601000 r-xp 00000000 00:00 0                  [vsyscall]

VM Arguments:
jvm_args: -Dfile.encoding=UTF-8 
java_command: view.MainFrame
java_class_path (initial): /mnt/5C5876005875D96A/Feina/UB/Github/pracs4rt/tm/ZipMediaPlayer/lib/jarchivelib-0.5.0-with-dependencies.jar:/mnt/5C5876005875D96A/Feina/UB/Github/pracs4rt/tm/ZipMediaPlayer/build/classes
Launcher Type: SUN_STANDARD

Environment Variables:
PATH=/usr/local/sbin:/usr/local/bin:/usr/sbin:/usr/bin:/sbin:/bin:/usr/games:/usr/local/games
USERNAME=albert
LD_LIBRARY_PATH=/usr/local/jdk1.8.0_20/jre/lib/amd64:/usr/local/jdk1.8.0_20/jre/lib/i386:
SHELL=/bin/bash
DISPLAY=:0

Signal Handlers:
SIGSEGV: [libjvm.so+0xa77530], sa_mask[0]=11111111011111111101111111111110, sa_flags=SA_RESTART|SA_SIGINFO
SIGBUS: [libjvm.so+0xa77530], sa_mask[0]=11111111011111111101111111111110, sa_flags=SA_RESTART|SA_SIGINFO
SIGFPE: [libjvm.so+0x8e1d90], sa_mask[0]=11111111011111111101111111111110, sa_flags=SA_RESTART|SA_SIGINFO
SIGPIPE: [libjvm.so+0x8e1d90], sa_mask[0]=11111111011111111101111111111110, sa_flags=SA_RESTART|SA_SIGINFO
SIGXFSZ: [libjvm.so+0x8e1d90], sa_mask[0]=11111111011111111101111111111110, sa_flags=SA_RESTART|SA_SIGINFO
SIGILL: [libjvm.so+0x8e1d90], sa_mask[0]=11111111011111111101111111111110, sa_flags=SA_RESTART|SA_SIGINFO
SIGUSR1: SIG_DFL, sa_mask[0]=00000000000000000000000000000000, sa_flags=none
SIGUSR2: [libjvm.so+0x8e35c0], sa_mask[0]=00100000000000000000000000000000, sa_flags=SA_RESTART|SA_SIGINFO
SIGHUP: [libjvm.so+0x8e4980], sa_mask[0]=11111111011111111101111111111110, sa_flags=SA_RESTART|SA_SIGINFO
SIGINT: SIG_IGN, sa_mask[0]=00000000000000000000000000000000, sa_flags=none
SIGTERM: [libjvm.so+0x8e4980], sa_mask[0]=11111111011111111101111111111110, sa_flags=SA_RESTART|SA_SIGINFO
SIGQUIT: [libjvm.so+0x8e4980], sa_mask[0]=11111111011111111101111111111110, sa_flags=SA_RESTART|SA_SIGINFO


---------------  S Y S T E M  ---------------

OS:DISTRIB_ID=Ubuntu
DISTRIB_RELEASE=14.04
DISTRIB_CODENAME=trusty
DISTRIB_DESCRIPTION="Ubuntu 14.04.1 LTS"

uname:Linux 3.13.0-37-generic #64-Ubuntu SMP Mon Sep 22 21:28:38 UTC 2014 x86_64
libc:glibc 2.19 NPTL 2.19 
rlimit: STACK 8192k, CORE 0k, NPROC 93758, NOFILE 4096, AS infinity
load average:0,30 0,31 0,36

/proc/meminfo:
MemTotal:       12220876 kB
MemFree:         6175444 kB
Buffers:          566344 kB
Cached:          1807552 kB
SwapCached:            0 kB
Active:          4267336 kB
Inactive:        1479564 kB
Active(anon):    3377904 kB
Inactive(anon):   442812 kB
Active(file):     889432 kB
Inactive(file):  1036752 kB
Unevictable:         272 kB
Mlocked:             272 kB
SwapTotal:       9765884 kB
SwapFree:        9765884 kB
Dirty:               312 kB
Writeback:             0 kB
AnonPages:       3373092 kB
Mapped:           351848 kB
Shmem:            447676 kB
Slab:             131104 kB
SReclaimable:      91728 kB
SUnreclaim:        39376 kB
KernelStack:        4864 kB
PageTables:        47572 kB
NFS_Unstable:          0 kB
Bounce:                0 kB
WritebackTmp:          0 kB
CommitLimit:    15876320 kB
Committed_AS:    8141804 kB
VmallocTotal:   34359738367 kB
VmallocUsed:      374692 kB
VmallocChunk:   34359354640 kB
HardwareCorrupted:     0 kB
AnonHugePages:   1693696 kB
HugePages_Total:       0
HugePages_Free:        0
HugePages_Rsvd:        0
HugePages_Surp:        0
Hugepagesize:       2048 kB
DirectMap4k:       79136 kB
DirectMap2M:     2981888 kB
DirectMap1G:     9437184 kB


CPU:total 4 (2 cores per cpu, 2 threads per core) family 6 model 60 stepping 3, cmov, cx8, fxsr, mmx, sse, sse2, sse3, ssse3, sse4.1, sse4.2, popcnt, avx, avx2, aes, clmul, erms, lzcnt, ht, tsc, tscinvbit, bmi1, bmi2

/proc/cpuinfo:
processor	: 0
vendor_id	: GenuineIntel
cpu family	: 6
model		: 60
model name	: Intel(R) Core(TM) i5-4200M CPU @ 2.50GHz
stepping	: 3
microcode	: 0x17
cpu MHz		: 2000.000
cache size	: 3072 KB
physical id	: 0
siblings	: 4
core id		: 0
cpu cores	: 2
apicid		: 0
initial apicid	: 0
fpu		: yes
fpu_exception	: yes
cpuid level	: 13
wp		: yes
flags		: fpu vme de pse tsc msr pae mce cx8 apic sep mtrr pge mca cmov pat pse36 clflush dts acpi mmx fxsr sse sse2 ss ht tm pbe syscall nx pdpe1gb rdtscp lm constant_tsc arch_perfmon pebs bts rep_good nopl xtopology nonstop_tsc aperfmperf eagerfpu pni pclmulqdq dtes64 monitor ds_cpl vmx est tm2 ssse3 fma cx16 xtpr pdcm pcid sse4_1 sse4_2 movbe popcnt tsc_deadline_timer aes xsave avx f16c rdrand lahf_lm abm ida arat epb xsaveopt pln pts dtherm tpr_shadow vnmi flexpriority ept vpid fsgsbase tsc_adjust bmi1 avx2 smep bmi2 erms invpcid
bogomips	: 4988.23
clflush size	: 64
cache_alignment	: 64
address sizes	: 39 bits physical, 48 bits virtual
power management:

processor	: 1
vendor_id	: GenuineIntel
cpu family	: 6
model		: 60
model name	: Intel(R) Core(TM) i5-4200M CPU @ 2.50GHz
stepping	: 3
microcode	: 0x17
cpu MHz		: 2501.000
cache size	: 3072 KB
physical id	: 0
siblings	: 4
core id		: 1
cpu cores	: 2
apicid		: 2
initial apicid	: 2
fpu		: yes
fpu_exception	: yes
cpuid level	: 13
wp		: yes
flags		: fpu vme de pse tsc msr pae mce cx8 apic sep mtrr pge mca cmov pat pse36 clflush dts acpi mmx fxsr sse sse2 ss ht tm pbe syscall nx pdpe1gb rdtscp lm constant_tsc arch_perfmon pebs bts rep_good nopl xtopology nonstop_tsc aperfmperf eagerfpu pni pclmulqdq dtes64 monitor ds_cpl vmx est tm2 ssse3 fma cx16 xtpr pdcm pcid sse4_1 sse4_2 movbe popcnt tsc_deadline_timer aes xsave avx f16c rdrand lahf_lm abm ida arat epb xsaveopt pln pts dtherm tpr_shadow vnmi flexpriority ept vpid fsgsbase tsc_adjust bmi1 avx2 smep bmi2 erms invpcid
bogomips	: 4988.23
clflush size	: 64
cache_alignment	: 64
address sizes	: 39 bits physical, 48 bits virtual
power management:

processor	: 2
vendor_id	: GenuineIntel
cpu family	: 6
model		: 60
model name	: Intel(R) Core(TM) i5-4200M CPU @ 2.50GHz
stepping	: 3
microcode	: 0x17
cpu MHz		: 2501.000
cache size	: 3072 KB
physical id	: 0
siblings	: 4
core id		: 0
cpu cores	: 2
apicid		: 1
initial apicid	: 1
fpu		: yes
fpu_exception	: yes
cpuid level	: 13
wp		: yes
flags		: fpu vme de pse tsc msr pae mce cx8 apic sep mtrr pge mca cmov pat pse36 clflush dts acpi mmx fxsr sse sse2 ss ht tm pbe syscall nx pdpe1gb rdtscp lm constant_tsc arch_perfmon pebs bts rep_good nopl xtopology nonstop_tsc aperfmperf eagerfpu pni pclmulqdq dtes64 monitor ds_cpl vmx est tm2 ssse3 fma cx16 xtpr pdcm pcid sse4_1 sse4_2 movbe popcnt tsc_deadline_timer aes xsave avx f16c rdrand lahf_lm abm ida arat epb xsaveopt pln pts dtherm tpr_shadow vnmi flexpriority ept vpid fsgsbase tsc_adjust bmi1 avx2 smep bmi2 erms invpcid
bogomips	: 4988.23
clflush size	: 64
cache_alignment	: 64
address sizes	: 39 bits physical, 48 bits virtual
power management:

processor	: 3
vendor_id	: GenuineIntel
cpu family	: 6
model		: 60
model name	: Intel(R) Core(TM) i5-4200M CPU @ 2.50GHz
stepping	: 3
microcode	: 0x17
cpu MHz		: 1900.000
cache size	: 3072 KB
physical id	: 0
siblings	: 4
core id		: 1
cpu cores	: 2
apicid		: 3
initial apicid	: 3
fpu		: yes
fpu_exception	: yes
cpuid level	: 13
wp		: yes
flags		: fpu vme de pse tsc msr pae mce cx8 apic sep mtrr pge mca cmov pat pse36 clflush dts acpi mmx fxsr sse sse2 ss ht tm pbe syscall nx pdpe1gb rdtscp lm constant_tsc arch_perfmon pebs bts rep_good nopl xtopology nonstop_tsc aperfmperf eagerfpu pni pclmulqdq dtes64 monitor ds_cpl vmx est tm2 ssse3 fma cx16 xtpr pdcm pcid sse4_1 sse4_2 movbe popcnt tsc_deadline_timer aes xsave avx f16c rdrand lahf_lm abm ida arat epb xsaveopt pln pts dtherm tpr_shadow vnmi flexpriority ept vpid fsgsbase tsc_adjust bmi1 avx2 smep bmi2 erms invpcid
bogomips	: 4988.23
clflush size	: 64
cache_alignment	: 64
address sizes	: 39 bits physical, 48 bits virtual
power management:



Memory: 4k page, physical 12220876k(6175204k free), swap 9765884k(9765884k free)

vm_info: Java HotSpot(TM) 64-Bit Server VM (25.20-b23) for linux-amd64 JRE (1.8.0_20-b26), built on Jul 30 2014 13:13:52 by "java_re" with gcc 4.3.0 20080428 (Red Hat 4.3.0-8)

time: Sun Oct 26 20:27:17 2014
elapsed time: 239 seconds (0d 0h 3m 59s)

